<?xml version="1.0" encoding="UTF-8"?>
<!-- Generated by org.testng.reporters.JUnitReportReporter -->
<testsuite skipped="0" hostname="DESKTOP-R9VJGBE" name="com.apollohs.test.ValidLogin" tests="1" failures="0" timestamp="20 Sep 2018 12:31:16 GMT" time="43.718" errors="0">
  <testcase name="testValidLogin" time="43.718" classname="com.apollohs.test.ValidLogin"/>
</testsuite> <!-- com.apollohs.test.ValidLogin -->
